  main.cpp
D:\ROOM\test\cautious-couscous\LOLVSlike\Player.h(59,34): warning C4244: “参数”: 从“float”转换到“int”，可能丢失数据
D:\ROOM\test\cautious-couscous\LOLVSlike\Player.h(59,24): warning C4244: “参数”: 从“float”转换到“int”，可能丢失数据
D:\ROOM\test\cautious-couscous\LOLVSlike\Player.h(60,52): warning C4244: “参数”: 从“const float”转换到“int”，可能丢失数据
D:\ROOM\test\cautious-couscous\LOLVSlike\Player.h(60,40): warning C4244: “参数”: 从“const float”转换到“int”，可能丢失数据
D:\ROOM\test\cautious-couscous\LOLVSlike\Player.h(119,16): warning C4244: “=”: 从“int”转换到“float”，可能丢失数据
D:\ROOM\test\cautious-couscous\LOLVSlike\Player.h(119,32): warning C4244: “=”: 从“int”转换到“float”，可能丢失数据
D:\ROOM\test\cautious-couscous\LOLVSlike\enemy.h(45,24): warning C4244: “=”: 从“int”转换到“float”，可能丢失数据
D:\ROOM\test\cautious-couscous\LOLVSlike\enemy.h(49,24): warning C4244: “=”: 从“int”转换到“float”，可能丢失数据
D:\ROOM\test\cautious-couscous\LOLVSlike\enemy.h(50,17): warning C4244: “=”: 从“int”转换到“float”，可能丢失数据
D:\ROOM\test\cautious-couscous\LOLVSlike\enemy.h(54,24): warning C4244: “=”: 从“int”转换到“float”，可能丢失数据
D:\ROOM\test\cautious-couscous\LOLVSlike\enemy.h(57,17): warning C4244: “=”: 从“int”转换到“float”，可能丢失数据
D:\ROOM\test\cautious-couscous\LOLVSlike\enemy.h(58,24): warning C4244: “=”: 从“int”转换到“float”，可能丢失数据
D:\ROOM\test\cautious-couscous\LOLVSlike\enemy.h(70,12): warning C4244: “初始化”: 从“double”转换到“float”，可能丢失数据
D:\ROOM\test\cautious-couscous\LOLVSlike\enemy.h(71,12): warning C4244: “初始化”: 从“double”转换到“float”，可能丢失数据
D:\ROOM\test\cautious-couscous\LOLVSlike\enemy.h(85,13): warning C4244: “初始化”: 从“float”转换到“int”，可能丢失数据
D:\ROOM\test\cautious-couscous\LOLVSlike\enemy.h(86,13): warning C4244: “初始化”: 从“float”转换到“int”，可能丢失数据
D:\ROOM\test\cautious-couscous\LOLVSlike\enemy.h(106,13): warning C4244: “初始化”: 从“float”转换到“int”，可能丢失数据
D:\ROOM\test\cautious-couscous\LOLVSlike\enemy.h(107,13): warning C4244: “初始化”: 从“float”转换到“int”，可能丢失数据
D:\ROOM\test\cautious-couscous\LOLVSlike\enemy.h(126,20): warning C4244: “初始化”: 从“float”转换到“int”，可能丢失数据
D:\ROOM\test\cautious-couscous\LOLVSlike\enemy.h(127,20): warning C4244: “初始化”: 从“float”转换到“int”，可能丢失数据
D:\ROOM\test\cautious-couscous\LOLVSlike\enemy.h(129,60): warning C4244: “参数”: 从“float”转换到“int”，可能丢失数据
D:\ROOM\test\cautious-couscous\LOLVSlike\enemy.h(129,43): warning C4244: “参数”: 从“float”转换到“int”，可能丢失数据
D:\ROOM\test\cautious-couscous\LOLVSlike\enemy.h(138,14): warning C4244: “初始化”: 从“float”转换到“int”，可能丢失数据
D:\ROOM\test\cautious-couscous\LOLVSlike\enemy.h(139,14): warning C4244: “初始化”: 从“float”转换到“int”，可能丢失数据
D:\ROOM\test\cautious-couscous\LOLVSlike\game_scene.h(106,76): warning C4244: “=”: 从“float”转换到“LONG”，可能丢失数据
D:\ROOM\test\cautious-couscous\LOLVSlike\game_scene.h(107,76): warning C4244: “=”: 从“float”转换到“LONG”，可能丢失数据
D:\ROOM\test\cautious-couscous\LOLVSlike\game_scene.h(148,13): warning C4244: “参数”: 从“time_t”转换到“unsigned int”，可能丢失数据
D:\ROOM\test\cautious-couscous\LOLVSlike\game_scene.h(181,65): warning C4244: “参数”: 从“float”转换到“int”，可能丢失数据
D:\ROOM\test\cautious-couscous\LOLVSlike\game_scene.h(181,40): warning C4244: “参数”: 从“float”转换到“int”，可能丢失数据
D:\ROOM\test\cautious-couscous\LOLVSlike\game_scene.h(186,65): warning C4244: “参数”: 从“float”转换到“int”，可能丢失数据
D:\ROOM\test\cautious-couscous\LOLVSlike\game_scene.h(186,40): warning C4244: “参数”: 从“float”转换到“int”，可能丢失数据
D:\ROOM\test\cautious-couscous\LOLVSlike\Divine_Sunderer.h(27,13): warning C4244: “参数”: 从“time_t”转换到“unsigned int”，可能丢失数据
D:\ROOM\test\cautious-couscous\LOLVSlike\Infinity_Edge.h(27,13): warning C4244: “参数”: 从“time_t”转换到“unsigned int”，可能丢失数据
D:\ROOM\test\cautious-couscous\LOLVSlike\SelectorScene.h(157,88): warning C4244: “参数”: 从“int”转换到“float”，可能丢失数据
D:\ROOM\test\cautious-couscous\LOLVSlike\SelectorScene.h(157,53): warning C4244: “参数”: 从“int”转换到“float”，可能丢失数据
D:\ROOM\test\cautious-couscous\LOLVSlike\SelectorScene.h(46,80): warning C4244: “参数”: 从“float”转换到“int”，可能丢失数据
D:\ROOM\test\cautious-couscous\LOLVSlike\SelectorScene.h(46,53): warning C4244: “参数”: 从“float”转换到“int”，可能丢失数据
D:\ROOM\test\cautious-couscous\LOLVSlike\SelectorScene.h(46,38): warning C4244: “参数”: 从“float”转换到“int”，可能丢失数据
D:\ROOM\test\cautious-couscous\LOLVSlike\SelectorScene.h(46,26): warning C4244: “参数”: 从“float”转换到“int”，可能丢失数据
D:\ROOM\test\cautious-couscous\LOLVSlike\SelectorScene.h(79,32): warning C4244: “参数”: 从“float”转换到“int”，可能丢失数据
D:\ROOM\test\cautious-couscous\LOLVSlike\SelectorScene.h(79,20): warning C4244: “参数”: 从“float”转换到“int”，可能丢失数据
  LOLVSlike.vcxproj -> D:\ROOM\test\cautious-couscous\LOLVSlike\x64\Debug\LOLVSlike.exe
